<?xml version="1.0" encoding="UTF-8"?>
<!-- Generated by org.testng.reporters.JUnitReportReporter -->
<testsuite hostname="DESKTOP-7FEKK0Q" failures="0" tests="3" name="tests.ValidRegistrationTest" time="0.000" errors="0" timestamp="2022-01-24T17:07:17 EET" skipped="3">
  <testcase classname="tests.ValidRegistrationTest" name="openRegPage" time="0.000">
    <skipped/>
  </testcase> <!-- openRegPage -->
  <system-out/>
  <testcase classname="tests.ValidRegistrationTest" name="assertPageNavigated" time="0.000">
    <skipped/>
  </testcase> <!-- assertPageNavigated -->
  <system-out/>
  <testcase classname="tests.ValidRegistrationTest" name="validRegistrtion" time="0.000">
    <skipped/>
  </testcase> <!-- validRegistrtion -->
  <system-out/>
</testsuite> <!-- tests.ValidRegistrationTest -->
