<?xml version="1.0" encoding="UTF-8"?>
<!-- Generated by org.testng.reporters.JUnitReportReporter -->
<testsuite hostname="DESKTOP-7FEKK0Q" failures="0" tests="1" name="base.base" time="2.027" errors="0" timestamp="2021-10-02T15:30:17 EEST" skipped="0">
  <testcase classname="base.base" name="data" time="2.027"/>
  <system-out/>
</testsuite> <!-- base.base -->
