<?xml version="1.0" encoding="UTF-8"?>
<!-- Generated by org.testng.reporters.JUnitReportReporter -->
<testsuite hostname="DESKTOP-7FEKK0Q" failures="0" tests="1" name="base.Search" time="1.335" errors="0" timestamp="2021-12-08T12:00:08 EET" skipped="0">
  <testcase classname="base.Search" name="searchUser" time="1.335"/>
  <system-out/>
</testsuite> <!-- base.Search -->
