<?xml version="1.0" encoding="UTF-8"?>
<!-- Generated by org.testng.reporters.JUnitReportReporter -->
<testsuite hostname="DESKTOP-7FEKK0Q" failures="0" tests="1" name="base.base1" time="2.125" errors="0" timestamp="2021-10-02T18:52:19 EEST" skipped="0">
  <testcase classname="base.base1" name="data" time="2.125"/>
  <system-out/>
</testsuite> <!-- base.base1 -->
