<?xml version="1.0" encoding="UTF-8"?>
<!-- Generated by org.testng.reporters.JUnitReportReporter -->
<testsuite hostname="DESKTOP-7FEKK0Q" failures="0" tests="10" name="tests.RegistrationErrorsTest" time="4.911" errors="0" timestamp="2022-01-29T14:55:14 EET" skipped="0">
  <testcase classname="tests.RegistrationErrorsTest" name="userAlreadyExists" time="0.666"/>
  <system-out/>
  <testcase classname="tests.RegistrationErrorsTest" name="userAlreadyExists" time="0.646"/>
  <system-out/>
  <testcase classname="tests.RegistrationErrorsTest" name="notMatchingPass" time="0.523"/>
  <system-out/>
  <testcase classname="tests.RegistrationErrorsTest" name="notMatchingPass" time="0.484"/>
  <system-out/>
  <testcase classname="tests.RegistrationErrorsTest" name="shortPass" time="0.482"/>
  <system-out/>
  <testcase classname="tests.RegistrationErrorsTest" name="shortPass" time="0.472"/>
  <system-out/>
  <testcase classname="tests.RegistrationErrorsTest" name="invalidEmail" time="0.519"/>
  <system-out/>
  <testcase classname="tests.RegistrationErrorsTest" name="invalidEmail" time="0.484"/>
  <system-out/>
  <testcase classname="tests.RegistrationErrorsTest" name="aler" time="0.320"/>
  <system-out/>
  <testcase classname="tests.RegistrationErrorsTest" name="aler" time="0.315"/>
  <system-out/>
</testsuite> <!-- tests.RegistrationErrorsTest -->
