<?xml version="1.0" encoding="UTF-8"?>
<!-- Generated by org.testng.reporters.JUnitReportReporter -->
<testsuite hostname="DESKTOP-7FEKK0Q" failures="0" tests="14" name="tests.SearchTest" time="20.707" errors="0" timestamp="2022-01-29T14:55:14 EET" skipped="0">
  <testcase classname="tests.SearchTest" name="openProfilePage" time="0.000"/>
  <system-out/>
  <testcase classname="tests.SearchTest" name="openProfilePage" time="0.001"/>
  <system-out/>
  <testcase classname="tests.SearchTest" name="searchUser" time="1.303"/>
  <system-out/>
  <testcase classname="tests.SearchTest" name="searchUser" time="1.306"/>
  <system-out/>
  <testcase classname="tests.SearchTest" name="searchUserByPartialName" time="2.060"/>
  <system-out/>
  <testcase classname="tests.SearchTest" name="searchUserByPartialName" time="2.014"/>
  <system-out/>
  <testcase classname="tests.SearchTest" name="searchByProfesion" time="1.471"/>
  <system-out/>
  <testcase classname="tests.SearchTest" name="searchByProfesion" time="1.467"/>
  <system-out/>
  <testcase classname="tests.SearchTest" name="searchAllUsers" time="1.495"/>
  <system-out/>
  <testcase classname="tests.SearchTest" name="searchAllUsers" time="1.504"/>
  <system-out/>
  <testcase classname="tests.SearchTest" name="searchNonExistingUser" time="1.994"/>
  <system-out/>
  <testcase classname="tests.SearchTest" name="searchNonExistingUser" time="1.994"/>
  <system-out/>
  <testcase classname="tests.SearchTest" name="nonExistingProfesion" time="2.044"/>
  <system-out/>
  <testcase classname="tests.SearchTest" name="nonExistingProfesion" time="2.054"/>
  <system-out/>
</testsuite> <!-- tests.SearchTest -->
