<?xml version="1.0" encoding="UTF-8"?>
<!-- Generated by org.testng.reporters.JUnitReportReporter -->
<testsuite hostname="DESKTOP-7FEKK0Q" failures="0" tests="1" name="base.RegistrationErrors" time="0.922" errors="0" timestamp="2021-12-06T13:56:27 EET" skipped="0">
  <testcase classname="base.RegistrationErrors" name="shortPass" time="0.922"/>
  <system-out/>
</testsuite> <!-- base.RegistrationErrors -->
