<?xml version="1.0" encoding="UTF-8"?>
<!-- Generated by org.testng.reporters.JUnitReportReporter -->
<testsuite hostname="DESKTOP-7FEKK0Q" failures="0" tests="4" name="base.PostsTest" time="0.000" errors="0" timestamp="2021-12-08T14:18:29 EET" skipped="4">
  <testcase classname="base.PostsTest" name="viewPost" time="0.000">
    <skipped/>
  </testcase> <!-- viewPost -->
  <system-out/>
  <testcase classname="base.PostsTest" name="addPost" time="0.000">
    <skipped/>
  </testcase> <!-- addPost -->
  <system-out/>
  <testcase classname="base.PostsTest" name="editPost" time="0.000">
    <skipped/>
  </testcase> <!-- editPost -->
  <system-out/>
  <testcase classname="base.PostsTest" name="deletePost" time="0.000">
    <skipped/>
  </testcase> <!-- deletePost -->
  <system-out/>
</testsuite> <!-- base.PostsTest -->
