<?xml version="1.0" encoding="UTF-8"?>
<!-- Generated by org.testng.reporters.JUnitReportReporter -->
<testsuite hostname="DESKTOP-7FEKK0Q" failures="0" tests="6" name="base.RegistrationErrorsTest" time="0.000" errors="0" timestamp="2021-12-08T14:18:29 EET" skipped="6">
  <testcase classname="base.RegistrationErrorsTest" name="assertPageNavigated" time="0.000">
    <skipped/>
  </testcase> <!-- assertPageNavigated -->
  <system-out/>
  <testcase classname="base.RegistrationErrorsTest" name="userAlreadyExists" time="0.000">
    <skipped/>
  </testcase> <!-- userAlreadyExists -->
  <system-out/>
  <testcase classname="base.RegistrationErrorsTest" name="notMatchingPass" time="0.000">
    <skipped/>
  </testcase> <!-- notMatchingPass -->
  <system-out/>
  <testcase classname="base.RegistrationErrorsTest" name="shortPass" time="0.000">
    <skipped/>
  </testcase> <!-- shortPass -->
  <system-out/>
  <testcase classname="base.RegistrationErrorsTest" name="invalidEmail" time="0.000">
    <skipped/>
  </testcase> <!-- invalidEmail -->
  <system-out/>
  <testcase classname="base.RegistrationErrorsTest" name="aler" time="0.000">
    <skipped/>
  </testcase> <!-- aler -->
  <system-out/>
</testsuite> <!-- base.RegistrationErrorsTest -->
