<?xml version="1.0" encoding="UTF-8"?>
<!-- Generated by org.testng.reporters.JUnitReportReporter -->
<testsuite hostname="DESKTOP-7FEKK0Q" failures="0" tests="10" name="tests.PostsTest" time="18.868" errors="0" timestamp="2022-01-29T14:55:14 EET" skipped="0">
  <testcase classname="tests.PostsTest" name="openProfilePage" time="0.000"/>
  <system-out/>
  <testcase classname="tests.PostsTest" name="openProfilePage" time="0.000"/>
  <system-out/>
  <testcase classname="tests.PostsTest" name="viewPost" time="1.802"/>
  <system-out/>
  <testcase classname="tests.PostsTest" name="viewPost" time="1.712"/>
  <system-out/>
  <testcase classname="tests.PostsTest" name="addPost" time="1.961"/>
  <system-out/>
  <testcase classname="tests.PostsTest" name="addPost" time="2.060"/>
  <system-out/>
  <testcase classname="tests.PostsTest" name="editPost" time="2.928"/>
  <system-out/>
  <testcase classname="tests.PostsTest" name="editPost" time="3.095"/>
  <system-out/>
  <testcase classname="tests.PostsTest" name="deletePost" time="2.666"/>
  <system-out/>
  <testcase classname="tests.PostsTest" name="deletePost" time="2.644"/>
  <system-out/>
</testsuite> <!-- tests.PostsTest -->
