<?xml version="1.0" encoding="UTF-8"?>
<!-- Generated by org.testng.reporters.JUnitReportReporter -->
<testsuite hostname="DESKTOP-7FEKK0Q" failures="0" tests="2" name="base.SignInTest" time="0.000" errors="0" timestamp="2021-12-08T14:18:29 EET" skipped="2">
  <testcase classname="base.SignInTest" name="SignIn" time="0.000">
    <skipped/>
  </testcase> <!-- SignIn -->
  <system-out/>
  <testcase classname="base.SignInTest" name="assertPageNavigated" time="0.000">
    <skipped/>
  </testcase> <!-- assertPageNavigated -->
  <system-out/>
</testsuite> <!-- base.SignInTest -->
