<?xml version="1.0" encoding="UTF-8"?>
<!-- Generated by org.testng.reporters.JUnitReportReporter -->
<testsuite hostname="DESKTOP-7FEKK0Q" failures="0" tests="13" name="tests.EditProfileTest" time="16.899" errors="0" timestamp="2022-01-29T14:58:35 EET" skipped="0">
  <testcase classname="tests.EditProfileTest" name="openprofilePage" time="1.170"/>
  <system-out/>
  <testcase classname="tests.EditProfileTest" name="editProfile" time="1.511"/>
  <system-out/>
  <testcase classname="tests.EditProfileTest" name="threeLetterFirstName" time="1.523"/>
  <system-out/>
  <testcase classname="tests.EditProfileTest" name="threeLetterLasttName" time="1.425"/>
  <system-out/>
  <testcase classname="tests.EditProfileTest" name="birthDayFuture" time="1.433"/>
  <system-out/>
  <testcase classname="tests.EditProfileTest" name="longFirstName" time="1.448"/>
  <system-out/>
  <testcase classname="tests.EditProfileTest" name="changeProfession" time="1.251"/>
  <system-out/>
  <testcase classname="tests.EditProfileTest" name="uploadPhoto" time="1.337"/>
  <system-out/>
  <testcase classname="tests.EditProfileTest" name="invalidAveilability" time="1.187"/>
  <system-out/>
  <testcase classname="tests.EditProfileTest" name="uploadPrivatePhoto" time="0.961"/>
  <system-out/>
  <testcase classname="tests.EditProfileTest" name="updateServices" time="1.297"/>
  <system-out/>
  <testcase classname="tests.EditProfileTest" name="uploadImgMoreThanOneMb" time="0.946"/>
  <system-out/>
  <testcase classname="tests.EditProfileTest" name="nonLeapYear" time="1.410"/>
  <system-out/>
</testsuite> <!-- tests.EditProfileTest -->
